Arguments: 
  D:\nodeJS\node.exe D:\Yarn\bin\yarn.js add wooapi

PATH: 
  C:\Program Files (x86)\Microsoft SDKs\Azure\CLI2\wbin;C:\WINDOWS\system32;C:\WINDOWS;C:\WINDOWS\System32\Wbem;C:\WINDOWS\System32\WindowsPowerShell\v1.0\;D:\Git\cmd;C:\Program Files\Microsoft SQL Server\130\Tools\Binn\;D:\PHP;C:\Program Files\Microsoft\Web Platform Installer\;C:\Program Files\dotnet\;C:\Program Files\MySQL\MySQL Utilities 1.6\;D:\Composer;C:\Program Files (x86)\Microsoft SQL Server\Client SDK\ODBC\130\Tools\Binn\;C:\Program Files (x86)\Microsoft SQL Server\140\Tools\Binn\;C:\Program Files (x86)\Microsoft SQL Server\140\DTS\Binn\;C:\Program Files (x86)\Microsoft SQL Server\140\Tools\Binn\ManagementStudio\;C:\WINDOWS\System32\OpenSSH\;D:\Yarn\bin\;D:\nodeJS\;D:\Microsoft VS Code\bin;C:\Users\jeric\AppData\Roaming\Composer\vendor\bin;C:\Users\jeric\AppData\Local\Microsoft\WindowsApps;C:\Users\jeric\AppData\Local\Yarn\bin;D:\Microsoft VS Code\bin;C:\Users\jeric\AppData\Roaming\Composer\vendor\bin;C:\Users\jeric\AppData\Local\Microsoft\WindowsApps;C:\Users\jeric\AppData\Local\Programs\Fiddler;C:\Users\jeric\AppData\Roaming\npm

Yarn version: 
  1.7.0

Node version: 
  8.11.3

Platform: 
  win32 x64

Trace: 
  Error: https://registry.yarnpkg.com/wooapi: Not found
      at Request.params.callback [as _callback] (D:\Yarn\lib\cli.js:65656:18)
      at Request.self.callback (D:\Yarn\lib\cli.js:134675:22)
      at emitTwo (events.js:126:13)
      at Request.emit (events.js:214:7)
      at Request.<anonymous> (D:\Yarn\lib\cli.js:135658:10)
      at emitOne (events.js:116:13)
      at Request.emit (events.js:211:7)
      at IncomingMessage.<anonymous> (D:\Yarn\lib\cli.js:135578:12)
      at Object.onceWrapper (events.js:313:30)
      at emitNone (events.js:111:20)

npm manifest: 
  No manifest

yarn manifest: 
  No manifest

Lockfile: 
  No lockfile
